

Started GET "/" for 127.0.0.1 at 2016-06-01 15:15:51 +0100

ActiveRecord::PendingMigrationError (

Migrations are pending. To resolve this issue, run:

	bin/rake db:migrate RAILS_ENV=development

):
  activerecord (4.2.2) lib/active_record/migration.rb:393:in `check_pending!'
  activerecord (4.2.2) lib/active_record/migration.rb:374:in `call'
  actionpack (4.2.2) lib/action_dispatch/middleware/callbacks.rb:29:in `block in call'
  activesupport (4.2.2) lib/active_support/callbacks.rb:88:in `_run_callbacks'
  activesupport (4.2.2) lib/active_support/callbacks.rb:776:in `_run_call_callbacks'
  activesupport (4.2.2) lib/active_support/callbacks.rb:81:in `run_callbacks'
  actionpack (4.2.2) lib/action_dispatch/middleware/callbacks.rb:27:in `call'
  actionpack (4.2.2) lib/action_dispatch/middleware/reloader.rb:73:in `call'
  actionpack (4.2.2) lib/action_dispatch/middleware/remote_ip.rb:78:in `call'
  web-console (2.0.0.beta3) lib/action_dispatch/debug_exceptions.rb:18:in `middleware_call'
  web-console (2.0.0.beta3) lib/action_dispatch/debug_exceptions.rb:13:in `call'
  actionpack (4.2.2) lib/action_dispatch/middleware/show_exceptions.rb:30:in `call'
  railties (4.2.2) lib/rails/rack/logger.rb:38:in `call_app'
  railties (4.2.2) lib/rails/rack/logger.rb:20:in `block in call'
  activesupport (4.2.2) lib/active_support/tagged_logging.rb:68:in `block in tagged'
  activesupport (4.2.2) lib/active_support/tagged_logging.rb:26:in `tagged'
  activesupport (4.2.2) lib/active_support/tagged_logging.rb:68:in `tagged'
  railties (4.2.2) lib/rails/rack/logger.rb:20:in `call'
  actionpack (4.2.2) lib/action_dispatch/middleware/request_id.rb:21:in `call'
  rack (1.6.4) lib/rack/methodoverride.rb:22:in `call'
  rack (1.6.4) lib/rack/runtime.rb:18:in `call'
  activesupport (4.2.2) lib/active_support/cache/strategy/local_cache_middleware.rb:28:in `call'
  rack (1.6.4) lib/rack/lock.rb:17:in `call'
  actionpack (4.2.2) lib/action_dispatch/middleware/static.rb:113:in `call'
  rack (1.6.4) lib/rack/sendfile.rb:113:in `call'
  railties (4.2.2) lib/rails/engine.rb:518:in `call'
  railties (4.2.2) lib/rails/application.rb:164:in `call'
  rack (1.6.4) lib/rack/content_length.rb:15:in `call'
  puma (3.1.0) lib/puma/configuration.rb:227:in `call'
  puma (3.1.0) lib/puma/server.rb:561:in `handle_request'
  puma (3.1.0) lib/puma/server.rb:406:in `process_client'
  puma (3.1.0) lib/puma/server.rb:271:in `block in run'
  puma (3.1.0) lib/puma/thread_pool.rb:111:in `block in spawn_thread'


  Rendered /home/neil/.rvm/gems/ruby-2.3.0/gems/web-console-2.0.0.beta3/lib/action_dispatch/templates/rescues/_source.erb (2.4ms)
  Rendered /home/neil/.rvm/gems/ruby-2.3.0/gems/web-console-2.0.0.beta3/lib/action_dispatch/templates/rescues/_trace.html.erb (1.4ms)
  Rendered /home/neil/.rvm/gems/ruby-2.3.0/gems/web-console-2.0.0.beta3/lib/action_dispatch/templates/rescues/_request_and_response.html.erb (0.8ms)
  Rendered /home/neil/.rvm/gems/ruby-2.3.0/gems/web-console-2.0.0.beta3/lib/action_dispatch/templates/rescues/_web_console.html.erb (0.8ms)
  Rendered /home/neil/.rvm/gems/ruby-2.3.0/gems/web-console-2.0.0.beta3/lib/action_dispatch/templates/rescues/diagnostics.html.erb within rescues/layout (20.5ms)
  [1m[36m (7.6ms)[0m  [1mCREATE TABLE "schema_migrations" ("version" varchar NOT NULL) [0m
  [1m[35m (0.1ms)[0m  select sqlite_version(*)
  [1m[36m (5.7ms)[0m  [1mCREATE UNIQUE INDEX "unique_schema_migrations" ON "schema_migrations" ("version")[0m
  [1m[35mActiveRecord::SchemaMigration Load (0.1ms)[0m  SELECT "schema_migrations".* FROM "schema_migrations"
Migrating to CreateUsers (20160120110908)
  [1m[36m (0.2ms)[0m  [1mbegin transaction[0m
  [1m[35m (0.9ms)[0m  CREATE TABLE "users" ("id" INTEGER PRIMARY KEY AUTOINCREMENT NOT NULL, "name" varchar, "email" varchar, "created_at" datetime NOT NULL, "updated_at" datetime NOT NULL) 
  [1m[36mSQL (0.3ms)[0m  [1mINSERT INTO "schema_migrations" ("version") VALUES (?)[0m  [["version", "20160120110908"]]
  [1m[35m (4.3ms)[0m  commit transaction
Migrating to AddIndexToUsersEmail (20160120112247)
  [1m[36m (0.1ms)[0m  [1mbegin transaction[0m
  [1m[35mSQL (0.2ms)[0m  INSERT INTO "schema_migrations" ("version") VALUES (?)  [["version", "20160120112247"]]
  [1m[36m (5.0ms)[0m  [1mcommit transaction[0m
Migrating to AddPasswordDigestToUsers (20160120112434)
  [1m[35m (0.2ms)[0m  begin transaction
  [1m[36m (0.6ms)[0m  [1mALTER TABLE "users" ADD "password_digest" varchar[0m
  [1m[35mSQL (0.2ms)[0m  INSERT INTO "schema_migrations" ("version") VALUES (?)  [["version", "20160120112434"]]
  [1m[36m (5.5ms)[0m  [1mcommit transaction[0m
Migrating to AddRememberDigestToUsers (20160401174038)
  [1m[35m (0.2ms)[0m  begin transaction
  [1m[36m (0.8ms)[0m  [1mALTER TABLE "users" ADD "remember_digest" varchar[0m
  [1m[35mSQL (0.3ms)[0m  INSERT INTO "schema_migrations" ("version") VALUES (?)  [["version", "20160401174038"]]
  [1m[36m (5.4ms)[0m  [1mcommit transaction[0m
Migrating to AddAdminToUsers (20160401185058)
  [1m[35m (0.2ms)[0m  begin transaction
  [1m[36m (0.6ms)[0m  [1mALTER TABLE "users" ADD "admin" boolean DEFAULT 'f'[0m
  [1m[35mSQL (0.2ms)[0m  INSERT INTO "schema_migrations" ("version") VALUES (?)  [["version", "20160401185058"]]
  [1m[36m (5.4ms)[0m  [1mcommit transaction[0m
Migrating to CreatePhotos (20160401213738)
  [1m[35m (0.1ms)[0m  begin transaction
  [1m[36m (0.5ms)[0m  [1mCREATE TABLE "photos" ("id" INTEGER PRIMARY KEY AUTOINCREMENT NOT NULL, "title" varchar, "created_at" datetime NOT NULL, "updated_at" datetime NOT NULL) [0m
  [1m[35mSQL (0.3ms)[0m  INSERT INTO "schema_migrations" ("version") VALUES (?)  [["version", "20160401213738"]]
  [1m[36m (4.2ms)[0m  [1mcommit transaction[0m
Migrating to AddAttachmentImageToPhotos (20160401213953)
  [1m[35m (0.1ms)[0m  begin transaction
  [1m[36m (0.4ms)[0m  [1mALTER TABLE "photos" ADD "image_file_name" varchar[0m
  [1m[35m (0.3ms)[0m  ALTER TABLE "photos" ADD "image_content_type" varchar
  [1m[36m (0.3ms)[0m  [1mALTER TABLE "photos" ADD "image_file_size" integer[0m
  [1m[35m (0.3ms)[0m  ALTER TABLE "photos" ADD "image_updated_at" datetime
  [1m[36mSQL (0.2ms)[0m  [1mINSERT INTO "schema_migrations" ("version") VALUES (?)[0m  [["version", "20160401213953"]]
  [1m[35m (4.8ms)[0m  commit transaction
  [1m[36mActiveRecord::SchemaMigration Load (0.2ms)[0m  [1mSELECT "schema_migrations".* FROM "schema_migrations"[0m


Started GET "/" for 127.0.0.1 at 2016-06-01 15:16:25 +0100
  [1m[36mActiveRecord::SchemaMigration Load (0.1ms)[0m  [1mSELECT "schema_migrations".* FROM "schema_migrations"[0m
Processing by StaticPagesController#home as HTML
  Rendered static_pages/home.html.erb within layouts/application (1.6ms)
  Rendered layouts/_shim.html.erb (0.2ms)
  Rendered layouts/_header.html.erb (3.2ms)
  Rendered layouts/_footer.html.erb (0.2ms)
Completed 200 OK in 3427ms (Views: 3416.5ms | ActiveRecord: 0.0ms)


Started GET "/assets/custom.self-b30733adee9e46ae8a396ca2cf437ff4e1d04f406bd15f87343d761844541438.css?body=1" for 127.0.0.1 at 2016-06-01 15:16:29 +0100


Started GET "/assets/photos.self-e3b0c44298fc1c149afbf4c8996fb92427ae41e4649b934ca495991b7852b855.css?body=1" for 127.0.0.1 at 2016-06-01 15:16:29 +0100


Started GET "/assets/static_pages.self-b60acab5af8d245ed2b3012f77d11d8d207d8eada27756badaf4ef05770d60f6.css?body=1" for 127.0.0.1 at 2016-06-01 15:16:29 +0100


Started GET "/assets/application.self-e80e8f2318043e8af94dddc2adad5a4f09739a8ebb323b3ab31cd71d45fd9113.css?body=1" for 127.0.0.1 at 2016-06-01 15:16:29 +0100


Started GET "/assets/sessions.self-e3b0c44298fc1c149afbf4c8996fb92427ae41e4649b934ca495991b7852b855.css?body=1" for 127.0.0.1 at 2016-06-01 15:16:29 +0100


Started GET "/assets/jquery.self-d03a5518f45df77341bdbe6201ba3bfa547ebba8ed64f0ea56bfa5f96ea7c074.js?body=1" for 127.0.0.1 at 2016-06-01 15:16:29 +0100


Started GET "/assets/jquery_ujs.self-8e98a7a072a6cee1372d19fff9ff3e6aa1e39a37d89d6f06861637d061113ee7.js?body=1" for 127.0.0.1 at 2016-06-01 15:16:29 +0100


Started GET "/assets/bootstrap.self-cdea7efeac1597b89ddd6fd86b0e8e0bec5d5fb1fac9c6e8a045f2c59eef2d13.js?body=1" for 127.0.0.1 at 2016-06-01 15:16:29 +0100


Started GET "/assets/turbolinks.self-c846e670826600e8c91b1a5ada3e6547110d996cd6ff24cde55024f7a135a1b4.js?body=1" for 127.0.0.1 at 2016-06-01 15:16:29 +0100


Started GET "/assets/sessions.self-877aef30ae1b040ab8a3aba4e3e309a11d7f2612f44dde450b5c157aa5f95c05.js?body=1" for 127.0.0.1 at 2016-06-01 15:16:29 +0100


Started GET "/assets/static_pages.self-877aef30ae1b040ab8a3aba4e3e309a11d7f2612f44dde450b5c157aa5f95c05.js?body=1" for 127.0.0.1 at 2016-06-01 15:16:29 +0100


Started GET "/assets/photos.self-877aef30ae1b040ab8a3aba4e3e309a11d7f2612f44dde450b5c157aa5f95c05.js?body=1" for 127.0.0.1 at 2016-06-01 15:16:29 +0100


Started GET "/assets/application.self-f8806224e027f3e3f0138ea9ce99319e298dfdb323304d1f1be6eae8e8c74724.js?body=1" for 127.0.0.1 at 2016-06-01 15:16:29 +0100


Started GET "/assets/users.self-877aef30ae1b040ab8a3aba4e3e309a11d7f2612f44dde450b5c157aa5f95c05.js?body=1" for 127.0.0.1 at 2016-06-01 15:16:29 +0100


Started GET "/assets/users.self-b60acab5af8d245ed2b3012f77d11d8d207d8eada27756badaf4ef05770d60f6.css?body=1" for 127.0.0.1 at 2016-06-01 15:16:29 +0100


Started GET "/signup" for 127.0.0.1 at 2016-06-01 15:16:39 +0100
Processing by UsersController#new as HTML
  Rendered shared/_error_messages.html.erb (0.6ms)
  Rendered users/new.html.erb within layouts/application (274.3ms)
  Rendered layouts/_shim.html.erb (0.3ms)
  Rendered layouts/_header.html.erb (0.7ms)
  Rendered layouts/_footer.html.erb (0.3ms)
Completed 200 OK in 324ms (Views: 305.4ms | ActiveRecord: 0.7ms)


Started POST "/users" for 127.0.0.1 at 2016-06-01 15:16:57 +0100
Processing by UsersController#create as HTML
  Parameters: {"utf8"=>"✓", "authenticity_token"=>"dFbOmKINSeBFMQmoTWwqVGxd6HM1spno86S8axRmeRSTk+l7n21i32/mSXSBsgX4lRcK4WBedThSE40lFXvlew==", "user"=>{"name"=>"Neil", "email"=>"nbmre4w@gmail.com", "password"=>"[FILTERED]", "password_confirmation"=>"[FILTERED]"}, "commit"=>"Create my account"}
  [1m[35m (0.1ms)[0m  begin transaction
  [1m[36mUser Exists (0.2ms)[0m  [1mSELECT  1 AS one FROM "users" WHERE LOWER("users"."email") = LOWER('nbmre4w@gmail.com') LIMIT 1[0m
  [1m[35mSQL (0.2ms)[0m  INSERT INTO "users" ("name", "email", "password_digest", "created_at", "updated_at") VALUES (?, ?, ?, ?, ?)  [["name", "Neil"], ["email", "nbmre4w@gmail.com"], ["password_digest", "$2a$10$QmfV63uCJgpHWatFdeznAODg9XEPm5C5C7LHu.B/cbNvGv0.lS6L6"], ["created_at", "2016-06-01 14:16:57.610586"], ["updated_at", "2016-06-01 14:16:57.610586"]]
  [1m[36m (4.4ms)[0m  [1mcommit transaction[0m
Redirected to http://localhost:3000/users/1
Completed 302 Found in 113ms (ActiveRecord: 4.9ms)


Started GET "/users/1" for 127.0.0.1 at 2016-06-01 15:16:57 +0100
Processing by UsersController#show as HTML
  Parameters: {"id"=>"1"}
  [1m[35mUser Load (0.2ms)[0m  SELECT  "users".* FROM "users" WHERE "users"."id" = ? LIMIT 1  [["id", 1]]
  Rendered users/show.html.erb within layouts/application (0.4ms)
  Rendered layouts/_shim.html.erb (0.0ms)
  [1m[36mUser Load (0.1ms)[0m  [1mSELECT  "users".* FROM "users" WHERE "users"."id" = ? LIMIT 1[0m  [["id", 1]]
  Rendered layouts/_header.html.erb (1.2ms)
  Rendered layouts/_footer.html.erb (0.0ms)
Completed 200 OK in 39ms (Views: 34.0ms | ActiveRecord: 0.3ms)


Started GET "/users" for 127.0.0.1 at 2016-06-01 15:17:01 +0100
Processing by UsersController#index as HTML
  [1m[35mUser Load (0.2ms)[0m  SELECT  "users".* FROM "users" WHERE "users"."id" = ? LIMIT 1  [["id", 1]]
  [1m[36m (0.2ms)[0m  [1mSELECT COUNT(*) FROM "users"[0m
  [1m[35mUser Load (0.3ms)[0m  SELECT  "users".* FROM "users" LIMIT 30 OFFSET 0
  Rendered users/_user.html.erb (1.8ms)
  Rendered users/index.html.erb within layouts/application (8.6ms)
  Rendered layouts/_shim.html.erb (0.1ms)
  Rendered layouts/_header.html.erb (0.7ms)
  Rendered layouts/_footer.html.erb (0.0ms)
Completed 200 OK in 67ms (Views: 64.2ms | ActiveRecord: 0.7ms)


Started GET "/users/1" for 127.0.0.1 at 2016-06-01 15:17:03 +0100
Processing by UsersController#show as HTML
  Parameters: {"id"=>"1"}
  [1m[36mUser Load (0.2ms)[0m  [1mSELECT  "users".* FROM "users" WHERE "users"."id" = ? LIMIT 1[0m  [["id", 1]]
  Rendered users/show.html.erb within layouts/application (1.2ms)
  Rendered layouts/_shim.html.erb (0.1ms)
  [1m[35mUser Load (0.1ms)[0m  SELECT  "users".* FROM "users" WHERE "users"."id" = ? LIMIT 1  [["id", 1]]
  Rendered layouts/_header.html.erb (1.6ms)
  Rendered layouts/_footer.html.erb (0.0ms)
Completed 200 OK in 83ms (Views: 80.4ms | ActiveRecord: 0.4ms)


Started GET "/" for 127.0.0.1 at 2016-06-01 15:17:06 +0100
Processing by StaticPagesController#home as HTML
  Rendered static_pages/home.html.erb within layouts/application (1.4ms)
  Rendered layouts/_shim.html.erb (0.1ms)
  [1m[36mUser Load (0.1ms)[0m  [1mSELECT  "users".* FROM "users" WHERE "users"."id" = ? LIMIT 1[0m  [["id", 1]]
  Rendered layouts/_header.html.erb (1.2ms)
  Rendered layouts/_footer.html.erb (0.0ms)
Completed 200 OK in 76ms (Views: 74.5ms | ActiveRecord: 0.1ms)


Started GET "/documents" for 127.0.0.1 at 2016-06-01 15:17:07 +0100
Processing by StaticPagesController#documents as HTML
  [1m[35mUser Load (0.2ms)[0m  SELECT  "users".* FROM "users" WHERE "users"."id" = ? LIMIT 1  [["id", 1]]
  Rendered static_pages/documents.html.erb within layouts/application (3.1ms)
  Rendered layouts/_shim.html.erb (0.1ms)
  Rendered layouts/_header.html.erb (0.8ms)
  Rendered layouts/_footer.html.erb (0.1ms)
Completed 200 OK in 75ms (Views: 74.3ms | ActiveRecord: 0.2ms)


Started GET "/users" for 127.0.0.1 at 2016-06-01 15:17:09 +0100
Processing by UsersController#index as HTML
  [1m[36mUser Load (0.3ms)[0m  [1mSELECT  "users".* FROM "users" WHERE "users"."id" = ? LIMIT 1[0m  [["id", 1]]
  [1m[35m (0.2ms)[0m  SELECT COUNT(*) FROM "users"
  [1m[36mUser Load (0.2ms)[0m  [1mSELECT  "users".* FROM "users" LIMIT 30 OFFSET 0[0m
  Rendered users/_user.html.erb (0.6ms)
  Rendered users/index.html.erb within layouts/application (4.6ms)
  Rendered layouts/_shim.html.erb (0.1ms)
  Rendered layouts/_header.html.erb (0.7ms)
  Rendered layouts/_footer.html.erb (0.0ms)
Completed 200 OK in 75ms (Views: 71.5ms | ActiveRecord: 0.7ms)


Started GET "/documents" for 127.0.0.1 at 2016-06-01 15:17:10 +0100
Processing by StaticPagesController#documents as HTML
  [1m[35mUser Load (0.2ms)[0m  SELECT  "users".* FROM "users" WHERE "users"."id" = ? LIMIT 1  [["id", 1]]
  Rendered static_pages/documents.html.erb within layouts/application (1.7ms)
  Rendered layouts/_shim.html.erb (0.1ms)
  Rendered layouts/_header.html.erb (0.7ms)
  Rendered layouts/_footer.html.erb (0.0ms)
Completed 200 OK in 78ms (Views: 76.7ms | ActiveRecord: 0.2ms)


Started GET "/files_index" for 127.0.0.1 at 2016-06-01 15:17:11 +0100
Processing by PhotosController#index as HTML
  [1m[36mUser Load (0.1ms)[0m  [1mSELECT  "users".* FROM "users" WHERE "users"."id" = ? LIMIT 1[0m  [["id", 1]]
  Rendered photos/index.html.erb within layouts/application (1.0ms)
  Rendered layouts/_shim.html.erb (0.0ms)
  Rendered layouts/_header.html.erb (0.5ms)
  Rendered layouts/_footer.html.erb (0.0ms)
Completed 200 OK in 44ms (Views: 38.5ms | ActiveRecord: 0.1ms)


Started GET "/users" for 127.0.0.1 at 2016-06-01 15:17:14 +0100
Processing by UsersController#index as HTML
  [1m[35mUser Load (0.3ms)[0m  SELECT  "users".* FROM "users" WHERE "users"."id" = ? LIMIT 1  [["id", 1]]
  [1m[36m (0.3ms)[0m  [1mSELECT COUNT(*) FROM "users"[0m
  [1m[35mUser Load (0.4ms)[0m  SELECT  "users".* FROM "users" LIMIT 30 OFFSET 0
  Rendered users/_user.html.erb (0.6ms)
  Rendered users/index.html.erb within layouts/application (6.7ms)
  Rendered layouts/_shim.html.erb (0.1ms)
  Rendered layouts/_header.html.erb (0.8ms)
  Rendered layouts/_footer.html.erb (0.0ms)
Completed 200 OK in 81ms (Views: 77.7ms | ActiveRecord: 0.9ms)


Started GET "/documents" for 127.0.0.1 at 2016-06-01 15:17:14 +0100
Processing by StaticPagesController#documents as HTML
  [1m[36mUser Load (0.1ms)[0m  [1mSELECT  "users".* FROM "users" WHERE "users"."id" = ? LIMIT 1[0m  [["id", 1]]
  Rendered static_pages/documents.html.erb within layouts/application (1.0ms)
  Rendered layouts/_shim.html.erb (0.1ms)
  Rendered layouts/_header.html.erb (0.7ms)
  Rendered layouts/_footer.html.erb (0.0ms)
Completed 200 OK in 57ms (Views: 55.8ms | ActiveRecord: 0.1ms)


Started GET "/" for 127.0.0.1 at 2016-06-01 15:17:16 +0100
Processing by StaticPagesController#home as HTML
  Rendered static_pages/home.html.erb within layouts/application (0.2ms)
  Rendered layouts/_shim.html.erb (0.0ms)
  [1m[35mUser Load (0.1ms)[0m  SELECT  "users".* FROM "users" WHERE "users"."id" = ? LIMIT 1  [["id", 1]]
  Rendered layouts/_header.html.erb (1.1ms)
  Rendered layouts/_footer.html.erb (0.0ms)
Completed 200 OK in 56ms (Views: 55.1ms | ActiveRecord: 0.1ms)
  [1m[36mUser Load (5.4ms)[0m  [1mSELECT "users".* FROM "users"[0m
  [1m[35mUser Load (0.5ms)[0m  SELECT  "users".* FROM "users" WHERE "users"."id" = ? LIMIT 1  [["id", 1]]
  [1m[36m (0.4ms)[0m  [1mbegin transaction[0m
  [1m[35mUser Exists (0.4ms)[0m  SELECT  1 AS one FROM "users" WHERE (LOWER("users"."email") = LOWER('nbmre4w@gmail.com') AND "users"."id" != 1) LIMIT 1
  [1m[36mSQL (0.6ms)[0m  [1mUPDATE "users" SET "admin" = ?, "updated_at" = ? WHERE "users"."id" = ?[0m  [["admin", "t"], ["updated_at", "2016-06-01 14:18:08.585309"], ["id", 1]]
  [1m[35m (8.2ms)[0m  commit transaction


Started GET "/" for 127.0.0.1 at 2016-06-01 15:18:16 +0100
  [1m[36mActiveRecord::SchemaMigration Load (0.1ms)[0m  [1mSELECT "schema_migrations".* FROM "schema_migrations"[0m
Processing by StaticPagesController#home as HTML
  Rendered static_pages/home.html.erb within layouts/application (1.1ms)
  Rendered layouts/_shim.html.erb (0.8ms)
  [1m[35mUser Load (0.2ms)[0m  SELECT  "users".* FROM "users" WHERE "users"."id" = ? LIMIT 1  [["id", 1]]
  Rendered layouts/_header.html.erb (29.6ms)
  Rendered layouts/_footer.html.erb (0.3ms)
Completed 200 OK in 260ms (Views: 251.5ms | ActiveRecord: 0.5ms)


Started GET "/assets/custom.self-b30733adee9e46ae8a396ca2cf437ff4e1d04f406bd15f87343d761844541438.css?body=1" for 127.0.0.1 at 2016-06-01 15:18:16 +0100


Started GET "/assets/sessions.self-e3b0c44298fc1c149afbf4c8996fb92427ae41e4649b934ca495991b7852b855.css?body=1" for 127.0.0.1 at 2016-06-01 15:18:16 +0100


Started GET "/assets/application.self-e80e8f2318043e8af94dddc2adad5a4f09739a8ebb323b3ab31cd71d45fd9113.css?body=1" for 127.0.0.1 at 2016-06-01 15:18:16 +0100


Started GET "/assets/users.self-b60acab5af8d245ed2b3012f77d11d8d207d8eada27756badaf4ef05770d60f6.css?body=1" for 127.0.0.1 at 2016-06-01 15:18:16 +0100


Started GET "/assets/static_pages.self-b60acab5af8d245ed2b3012f77d11d8d207d8eada27756badaf4ef05770d60f6.css?body=1" for 127.0.0.1 at 2016-06-01 15:18:16 +0100


Started GET "/assets/photos.self-e3b0c44298fc1c149afbf4c8996fb92427ae41e4649b934ca495991b7852b855.css?body=1" for 127.0.0.1 at 2016-06-01 15:18:16 +0100


Started GET "/assets/jquery_ujs.self-8e98a7a072a6cee1372d19fff9ff3e6aa1e39a37d89d6f06861637d061113ee7.js?body=1" for 127.0.0.1 at 2016-06-01 15:18:16 +0100
  [1m[36mActiveRecord::SchemaMigration Load (0.1ms)[0m  [1mSELECT "schema_migrations".* FROM "schema_migrations"[0m


Started GET "/assets/bootstrap.self-cdea7efeac1597b89ddd6fd86b0e8e0bec5d5fb1fac9c6e8a045f2c59eef2d13.js?body=1" for 127.0.0.1 at 2016-06-01 15:18:16 +0100


Started GET "/assets/jquery.self-d03a5518f45df77341bdbe6201ba3bfa547ebba8ed64f0ea56bfa5f96ea7c074.js?body=1" for 127.0.0.1 at 2016-06-01 15:18:16 +0100


Started GET "/assets/photos.self-877aef30ae1b040ab8a3aba4e3e309a11d7f2612f44dde450b5c157aa5f95c05.js?body=1" for 127.0.0.1 at 2016-06-01 15:18:16 +0100


Started GET "/assets/turbolinks.self-c846e670826600e8c91b1a5ada3e6547110d996cd6ff24cde55024f7a135a1b4.js?body=1" for 127.0.0.1 at 2016-06-01 15:18:16 +0100


Started GET "/assets/static_pages.self-877aef30ae1b040ab8a3aba4e3e309a11d7f2612f44dde450b5c157aa5f95c05.js?body=1" for 127.0.0.1 at 2016-06-01 15:18:16 +0100


Started GET "/assets/sessions.self-877aef30ae1b040ab8a3aba4e3e309a11d7f2612f44dde450b5c157aa5f95c05.js?body=1" for 127.0.0.1 at 2016-06-01 15:18:16 +0100


Started GET "/assets/users.self-877aef30ae1b040ab8a3aba4e3e309a11d7f2612f44dde450b5c157aa5f95c05.js?body=1" for 127.0.0.1 at 2016-06-01 15:18:16 +0100


Started GET "/assets/application.self-f8806224e027f3e3f0138ea9ce99319e298dfdb323304d1f1be6eae8e8c74724.js?body=1" for 127.0.0.1 at 2016-06-01 15:18:16 +0100


Started GET "/users" for 127.0.0.1 at 2016-06-01 15:18:18 +0100
Processing by UsersController#index as HTML
  [1m[36mUser Load (0.3ms)[0m  [1mSELECT  "users".* FROM "users" WHERE "users"."id" = ? LIMIT 1[0m  [["id", 1]]
  [1m[35m (0.3ms)[0m  SELECT COUNT(*) FROM "users"
  [1m[36mUser Load (0.3ms)[0m  [1mSELECT  "users".* FROM "users" LIMIT 30 OFFSET 0[0m
  Rendered users/_user.html.erb (2.3ms)
  Rendered users/index.html.erb within layouts/application (11.3ms)
  Rendered layouts/_shim.html.erb (1.4ms)
  Rendered layouts/_header.html.erb (4.6ms)
  Rendered layouts/_footer.html.erb (1.4ms)
Completed 200 OK in 109ms (Views: 104.5ms | ActiveRecord: 0.8ms)


Started GET "/users/1" for 127.0.0.1 at 2016-06-01 15:18:20 +0100
Processing by UsersController#show as HTML
  Parameters: {"id"=>"1"}
  [1m[35mUser Load (0.2ms)[0m  SELECT  "users".* FROM "users" WHERE "users"."id" = ? LIMIT 1  [["id", 1]]
  Rendered users/show.html.erb within layouts/application (0.9ms)
  Rendered layouts/_shim.html.erb (0.0ms)
  [1m[36mUser Load (0.1ms)[0m  [1mSELECT  "users".* FROM "users" WHERE "users"."id" = ? LIMIT 1[0m  [["id", 1]]
  Rendered layouts/_header.html.erb (1.1ms)
  Rendered layouts/_footer.html.erb (0.1ms)
Completed 200 OK in 113ms (Views: 109.0ms | ActiveRecord: 0.3ms)


Started GET "/documents" for 127.0.0.1 at 2016-06-01 15:18:21 +0100
Processing by StaticPagesController#documents as HTML
  [1m[35mUser Load (0.1ms)[0m  SELECT  "users".* FROM "users" WHERE "users"."id" = ? LIMIT 1  [["id", 1]]
  Rendered static_pages/documents.html.erb within layouts/application (1.7ms)
  Rendered layouts/_shim.html.erb (0.0ms)
  Rendered layouts/_header.html.erb (0.5ms)
  Rendered layouts/_footer.html.erb (0.0ms)
Completed 200 OK in 43ms (Views: 41.6ms | ActiveRecord: 0.1ms)


Started GET "/new_file" for 127.0.0.1 at 2016-06-01 15:18:23 +0100
Processing by PhotosController#new as HTML
  Rendered shared/_error_messages.html.erb (0.7ms)
  Rendered photos/new.html.erb within layouts/application (289.0ms)
  Rendered layouts/_shim.html.erb (0.0ms)
  [1m[36mUser Load (0.1ms)[0m  [1mSELECT  "users".* FROM "users" WHERE "users"."id" = ? LIMIT 1[0m  [["id", 1]]
  Rendered layouts/_header.html.erb (0.9ms)
  Rendered layouts/_footer.html.erb (0.0ms)
Completed 200 OK in 340ms (Views: 319.0ms | ActiveRecord: 0.6ms)


Started GET "/" for 127.0.0.1 at 2016-06-01 15:18:27 +0100
Processing by StaticPagesController#home as HTML
  Rendered static_pages/home.html.erb within layouts/application (0.7ms)
  Rendered layouts/_shim.html.erb (0.0ms)
  [1m[35mUser Load (0.1ms)[0m  SELECT  "users".* FROM "users" WHERE "users"."id" = ? LIMIT 1  [["id", 1]]
  Rendered layouts/_header.html.erb (1.1ms)
  Rendered layouts/_footer.html.erb (0.0ms)
Completed 200 OK in 49ms (Views: 48.0ms | ActiveRecord: 0.1ms)


Started GET "/" for 127.0.0.1 at 2016-06-01 15:20:13 +0100
Processing by StaticPagesController#home as HTML
  Rendered static_pages/home.html.erb within layouts/application (0.3ms)
  Rendered layouts/_shim.html.erb (0.1ms)
  [1m[36mUser Load (0.1ms)[0m  [1mSELECT  "users".* FROM "users" WHERE "users"."id" = ? LIMIT 1[0m  [["id", 1]]
  Rendered layouts/_header.html.erb (1.1ms)
  Rendered layouts/_footer.html.erb (0.1ms)
Completed 200 OK in 82ms (Views: 81.1ms | ActiveRecord: 0.1ms)


Started GET "/assets/custom.self-e3b0c44298fc1c149afbf4c8996fb92427ae41e4649b934ca495991b7852b855.css?body=1" for 127.0.0.1 at 2016-06-01 15:20:13 +0100


Started GET "/assets/sessions.self-e3b0c44298fc1c149afbf4c8996fb92427ae41e4649b934ca495991b7852b855.css?body=1" for 127.0.0.1 at 2016-06-01 15:20:13 +0100


Started GET "/assets/users.self-b60acab5af8d245ed2b3012f77d11d8d207d8eada27756badaf4ef05770d60f6.css?body=1" for 127.0.0.1 at 2016-06-01 15:20:13 +0100


Started GET "/assets/photos.self-e3b0c44298fc1c149afbf4c8996fb92427ae41e4649b934ca495991b7852b855.css?body=1" for 127.0.0.1 at 2016-06-01 15:20:13 +0100


Started GET "/assets/application.self-e80e8f2318043e8af94dddc2adad5a4f09739a8ebb323b3ab31cd71d45fd9113.css?body=1" for 127.0.0.1 at 2016-06-01 15:20:13 +0100


Started GET "/assets/static_pages.self-b60acab5af8d245ed2b3012f77d11d8d207d8eada27756badaf4ef05770d60f6.css?body=1" for 127.0.0.1 at 2016-06-01 15:20:13 +0100


Started GET "/assets/jquery.self-d03a5518f45df77341bdbe6201ba3bfa547ebba8ed64f0ea56bfa5f96ea7c074.js?body=1" for 127.0.0.1 at 2016-06-01 15:20:13 +0100


Started GET "/assets/sessions.self-877aef30ae1b040ab8a3aba4e3e309a11d7f2612f44dde450b5c157aa5f95c05.js?body=1" for 127.0.0.1 at 2016-06-01 15:20:13 +0100


Started GET "/assets/bootstrap.self-cdea7efeac1597b89ddd6fd86b0e8e0bec5d5fb1fac9c6e8a045f2c59eef2d13.js?body=1" for 127.0.0.1 at 2016-06-01 15:20:13 +0100


Started GET "/assets/turbolinks.self-c846e670826600e8c91b1a5ada3e6547110d996cd6ff24cde55024f7a135a1b4.js?body=1" for 127.0.0.1 at 2016-06-01 15:20:13 +0100


Started GET "/assets/jquery_ujs.self-8e98a7a072a6cee1372d19fff9ff3e6aa1e39a37d89d6f06861637d061113ee7.js?body=1" for 127.0.0.1 at 2016-06-01 15:20:13 +0100


Started GET "/assets/photos.self-877aef30ae1b040ab8a3aba4e3e309a11d7f2612f44dde450b5c157aa5f95c05.js?body=1" for 127.0.0.1 at 2016-06-01 15:20:13 +0100


Started GET "/assets/users.self-877aef30ae1b040ab8a3aba4e3e309a11d7f2612f44dde450b5c157aa5f95c05.js?body=1" for 127.0.0.1 at 2016-06-01 15:20:13 +0100


Started GET "/assets/static_pages.self-877aef30ae1b040ab8a3aba4e3e309a11d7f2612f44dde450b5c157aa5f95c05.js?body=1" for 127.0.0.1 at 2016-06-01 15:20:13 +0100


Started GET "/assets/application.self-f8806224e027f3e3f0138ea9ce99319e298dfdb323304d1f1be6eae8e8c74724.js?body=1" for 127.0.0.1 at 2016-06-01 15:20:13 +0100


Started GET "/" for 127.0.0.1 at 2016-06-01 15:20:17 +0100
Processing by StaticPagesController#home as HTML
  Rendered static_pages/home.html.erb within layouts/application (0.3ms)
  Rendered layouts/_shim.html.erb (0.1ms)
  [1m[35mUser Load (0.1ms)[0m  SELECT  "users".* FROM "users" WHERE "users"."id" = ? LIMIT 1  [["id", 1]]
  Rendered layouts/_header.html.erb (1.6ms)
  Rendered layouts/_footer.html.erb (0.1ms)
Completed 200 OK in 57ms (Views: 55.3ms | ActiveRecord: 0.1ms)


Started GET "/" for 127.0.0.1 at 2016-06-01 15:20:21 +0100
Processing by StaticPagesController#home as HTML
  Rendered static_pages/home.html.erb within layouts/application (0.4ms)
  Rendered layouts/_shim.html.erb (0.0ms)
  [1m[36mUser Load (0.1ms)[0m  [1mSELECT  "users".* FROM "users" WHERE "users"."id" = ? LIMIT 1[0m  [["id", 1]]
  Rendered layouts/_header.html.erb (1.2ms)
  Rendered layouts/_footer.html.erb (0.0ms)
Completed 200 OK in 49ms (Views: 48.3ms | ActiveRecord: 0.1ms)


Started GET "/help" for 127.0.0.1 at 2016-06-01 15:20:22 +0100
Processing by StaticPagesController#help as HTML
  Rendered static_pages/help.html.erb within layouts/application (0.8ms)
  Rendered layouts/_shim.html.erb (0.1ms)
  [1m[35mUser Load (0.1ms)[0m  SELECT  "users".* FROM "users" WHERE "users"."id" = ? LIMIT 1  [["id", 1]]
  Rendered layouts/_header.html.erb (1.3ms)
  Rendered layouts/_footer.html.erb (0.0ms)
Completed 200 OK in 58ms (Views: 56.8ms | ActiveRecord: 0.1ms)


Started GET "/users" for 127.0.0.1 at 2016-06-01 15:20:24 +0100
Processing by UsersController#index as HTML
  [1m[36mUser Load (0.2ms)[0m  [1mSELECT  "users".* FROM "users" WHERE "users"."id" = ? LIMIT 1[0m  [["id", 1]]
  [1m[35m (0.3ms)[0m  SELECT COUNT(*) FROM "users"
  [1m[36mUser Load (0.4ms)[0m  [1mSELECT  "users".* FROM "users" LIMIT 30 OFFSET 0[0m
  Rendered users/_user.html.erb (0.6ms)
  Rendered users/index.html.erb within layouts/application (6.7ms)
  Rendered layouts/_shim.html.erb (0.1ms)
  Rendered layouts/_header.html.erb (0.8ms)
  Rendered layouts/_footer.html.erb (0.1ms)
Completed 200 OK in 69ms (Views: 66.0ms | ActiveRecord: 0.9ms)


Started GET "/documents" for 127.0.0.1 at 2016-06-01 15:20:28 +0100
Processing by StaticPagesController#documents as HTML
  [1m[35mUser Load (0.2ms)[0m  SELECT  "users".* FROM "users" WHERE "users"."id" = ? LIMIT 1  [["id", 1]]
  Rendered static_pages/documents.html.erb within layouts/application (2.0ms)
  Rendered layouts/_shim.html.erb (0.1ms)
  Rendered layouts/_header.html.erb (0.8ms)
  Rendered layouts/_footer.html.erb (0.0ms)
Completed 200 OK in 81ms (Views: 79.3ms | ActiveRecord: 0.2ms)


Started GET "/users/1" for 127.0.0.1 at 2016-06-01 15:20:31 +0100
Processing by UsersController#show as HTML
  Parameters: {"id"=>"1"}
  [1m[36mUser Load (0.2ms)[0m  [1mSELECT  "users".* FROM "users" WHERE "users"."id" = ? LIMIT 1[0m  [["id", 1]]
  Rendered users/show.html.erb within layouts/application (0.1ms)
  Rendered layouts/_shim.html.erb (0.0ms)
  [1m[35mUser Load (0.1ms)[0m  SELECT  "users".* FROM "users" WHERE "users"."id" = ? LIMIT 1  [["id", 1]]
  Rendered layouts/_header.html.erb (1.0ms)
  Rendered layouts/_footer.html.erb (0.0ms)
Completed 200 OK in 39ms (Views: 37.4ms | ActiveRecord: 0.3ms)


Started GET "/users/1/edit" for 127.0.0.1 at 2016-06-01 15:20:32 +0100
Processing by UsersController#edit as HTML
  Parameters: {"id"=>"1"}
  [1m[36mUser Load (0.1ms)[0m  [1mSELECT  "users".* FROM "users" WHERE "users"."id" = ? LIMIT 1[0m  [["id", 1]]
  [1m[35mUser Load (0.1ms)[0m  SELECT  "users".* FROM "users" WHERE "users"."id" = ? LIMIT 1  [["id", 1]]
  [1m[36mCACHE (0.0ms)[0m  [1mSELECT  "users".* FROM "users" WHERE "users"."id" = ? LIMIT 1[0m  [["id", "1"]]
  Rendered shared/_error_messages.html.erb (0.4ms)
  Rendered users/edit.html.erb within layouts/application (5.0ms)
  Rendered layouts/_shim.html.erb (0.0ms)
  Rendered layouts/_header.html.erb (0.5ms)
  Rendered layouts/_footer.html.erb (0.0ms)
Completed 200 OK in 35ms (Views: 33.9ms | ActiveRecord: 0.2ms)


Started GET "/documents" for 127.0.0.1 at 2016-06-01 15:20:36 +0100
Processing by StaticPagesController#documents as HTML
  [1m[35mUser Load (0.2ms)[0m  SELECT  "users".* FROM "users" WHERE "users"."id" = ? LIMIT 1  [["id", 1]]
  Rendered static_pages/documents.html.erb within layouts/application (3.5ms)
  Rendered layouts/_shim.html.erb (0.1ms)
  Rendered layouts/_header.html.erb (0.8ms)
  Rendered layouts/_footer.html.erb (0.0ms)
Completed 200 OK in 57ms (Views: 55.9ms | ActiveRecord: 0.2ms)


Started GET "/" for 127.0.0.1 at 2016-06-01 15:20:42 +0100
Processing by StaticPagesController#home as HTML
  Rendered static_pages/home.html.erb within layouts/application (0.3ms)
  Rendered layouts/_shim.html.erb (0.1ms)
  [1m[36mUser Load (0.1ms)[0m  [1mSELECT  "users".* FROM "users" WHERE "users"."id" = ? LIMIT 1[0m  [["id", 1]]
  Rendered layouts/_header.html.erb (1.3ms)
  Rendered layouts/_footer.html.erb (0.0ms)
Completed 200 OK in 58ms (Views: 56.8ms | ActiveRecord: 0.1ms)


Started GET "/" for 127.0.0.1 at 2016-06-01 15:21:17 +0100
Processing by StaticPagesController#home as HTML
  Rendered static_pages/home.html.erb within layouts/application (2.4ms)
  Rendered layouts/_shim.html.erb (0.4ms)
  [1m[35mUser Load (0.2ms)[0m  SELECT  "users".* FROM "users" WHERE "users"."id" = ? LIMIT 1  [["id", 1]]
  Rendered layouts/_header.html.erb (30.3ms)
  Rendered layouts/_footer.html.erb (0.4ms)
Completed 200 OK in 206ms (Views: 189.9ms | ActiveRecord: 0.5ms)


Started GET "/assets/custom.self-e3b0c44298fc1c149afbf4c8996fb92427ae41e4649b934ca495991b7852b855.css?body=1" for 127.0.0.1 at 2016-06-01 15:21:17 +0100


Started GET "/assets/photos.self-e3b0c44298fc1c149afbf4c8996fb92427ae41e4649b934ca495991b7852b855.css?body=1" for 127.0.0.1 at 2016-06-01 15:21:17 +0100


Started GET "/assets/jquery.self-d03a5518f45df77341bdbe6201ba3bfa547ebba8ed64f0ea56bfa5f96ea7c074.js?body=1" for 127.0.0.1 at 2016-06-01 15:21:17 +0100


Started GET "/assets/sessions.self-e3b0c44298fc1c149afbf4c8996fb92427ae41e4649b934ca495991b7852b855.css?body=1" for 127.0.0.1 at 2016-06-01 15:21:17 +0100


Started GET "/assets/bootstrap.self-cdea7efeac1597b89ddd6fd86b0e8e0bec5d5fb1fac9c6e8a045f2c59eef2d13.js?body=1" for 127.0.0.1 at 2016-06-01 15:21:17 +0100


Started GET "/assets/static_pages.self-b60acab5af8d245ed2b3012f77d11d8d207d8eada27756badaf4ef05770d60f6.css?body=1" for 127.0.0.1 at 2016-06-01 15:21:17 +0100


Started GET "/assets/jquery_ujs.self-8e98a7a072a6cee1372d19fff9ff3e6aa1e39a37d89d6f06861637d061113ee7.js?body=1" for 127.0.0.1 at 2016-06-01 15:21:17 +0100


Started GET "/assets/application.self-e80e8f2318043e8af94dddc2adad5a4f09739a8ebb323b3ab31cd71d45fd9113.css?body=1" for 127.0.0.1 at 2016-06-01 15:21:17 +0100


Started GET "/assets/users.self-b60acab5af8d245ed2b3012f77d11d8d207d8eada27756badaf4ef05770d60f6.css?body=1" for 127.0.0.1 at 2016-06-01 15:21:17 +0100


Started GET "/assets/turbolinks.self-c846e670826600e8c91b1a5ada3e6547110d996cd6ff24cde55024f7a135a1b4.js?body=1" for 127.0.0.1 at 2016-06-01 15:21:17 +0100


Started GET "/assets/static_pages.self-877aef30ae1b040ab8a3aba4e3e309a11d7f2612f44dde450b5c157aa5f95c05.js?body=1" for 127.0.0.1 at 2016-06-01 15:21:17 +0100


Started GET "/assets/photos.self-877aef30ae1b040ab8a3aba4e3e309a11d7f2612f44dde450b5c157aa5f95c05.js?body=1" for 127.0.0.1 at 2016-06-01 15:21:17 +0100


Started GET "/assets/sessions.self-877aef30ae1b040ab8a3aba4e3e309a11d7f2612f44dde450b5c157aa5f95c05.js?body=1" for 127.0.0.1 at 2016-06-01 15:21:17 +0100


Started GET "/assets/application.self-f8806224e027f3e3f0138ea9ce99319e298dfdb323304d1f1be6eae8e8c74724.js?body=1" for 127.0.0.1 at 2016-06-01 15:21:17 +0100


Started GET "/assets/users.self-877aef30ae1b040ab8a3aba4e3e309a11d7f2612f44dde450b5c157aa5f95c05.js?body=1" for 127.0.0.1 at 2016-06-01 15:21:17 +0100


Started GET "/" for 127.0.0.1 at 2016-06-01 15:21:27 +0100
Processing by StaticPagesController#home as HTML
  Rendered static_pages/home.html.erb within layouts/application (1.0ms)
  Rendered layouts/_shim.html.erb (0.1ms)
  [1m[36mUser Load (0.1ms)[0m  [1mSELECT  "users".* FROM "users" WHERE "users"."id" = ? LIMIT 1[0m  [["id", 1]]
  Rendered layouts/_header.html.erb (1.5ms)
  Rendered layouts/_footer.html.erb (0.1ms)
Completed 200 OK in 59ms (Views: 57.6ms | ActiveRecord: 0.1ms)


Started GET "/assets/custom.self-e3b0c44298fc1c149afbf4c8996fb92427ae41e4649b934ca495991b7852b855.css?body=1" for 127.0.0.1 at 2016-06-01 15:21:27 +0100


Started GET "/assets/photos.self-e3b0c44298fc1c149afbf4c8996fb92427ae41e4649b934ca495991b7852b855.css?body=1" for 127.0.0.1 at 2016-06-01 15:21:27 +0100


Started GET "/assets/jquery.self-d03a5518f45df77341bdbe6201ba3bfa547ebba8ed64f0ea56bfa5f96ea7c074.js?body=1" for 127.0.0.1 at 2016-06-01 15:21:27 +0100


Started GET "/assets/jquery_ujs.self-8e98a7a072a6cee1372d19fff9ff3e6aa1e39a37d89d6f06861637d061113ee7.js?body=1" for 127.0.0.1 at 2016-06-01 15:21:27 +0100


Started GET "/assets/bootstrap.self-cdea7efeac1597b89ddd6fd86b0e8e0bec5d5fb1fac9c6e8a045f2c59eef2d13.js?body=1" for 127.0.0.1 at 2016-06-01 15:21:27 +0100


Started GET "/assets/static_pages.self-b60acab5af8d245ed2b3012f77d11d8d207d8eada27756badaf4ef05770d60f6.css?body=1" for 127.0.0.1 at 2016-06-01 15:21:27 +0100


Started GET "/assets/photos.self-877aef30ae1b040ab8a3aba4e3e309a11d7f2612f44dde450b5c157aa5f95c05.js?body=1" for 127.0.0.1 at 2016-06-01 15:21:27 +0100


Started GET "/assets/application.self-e80e8f2318043e8af94dddc2adad5a4f09739a8ebb323b3ab31cd71d45fd9113.css?body=1" for 127.0.0.1 at 2016-06-01 15:21:27 +0100


Started GET "/assets/static_pages.self-877aef30ae1b040ab8a3aba4e3e309a11d7f2612f44dde450b5c157aa5f95c05.js?body=1" for 127.0.0.1 at 2016-06-01 15:21:27 +0100


Started GET "/assets/users.self-877aef30ae1b040ab8a3aba4e3e309a11d7f2612f44dde450b5c157aa5f95c05.js?body=1" for 127.0.0.1 at 2016-06-01 15:21:27 +0100


Started GET "/assets/application.self-f8806224e027f3e3f0138ea9ce99319e298dfdb323304d1f1be6eae8e8c74724.js?body=1" for 127.0.0.1 at 2016-06-01 15:21:27 +0100


Started GET "/assets/users.self-b60acab5af8d245ed2b3012f77d11d8d207d8eada27756badaf4ef05770d60f6.css?body=1" for 127.0.0.1 at 2016-06-01 15:21:27 +0100


Started GET "/assets/sessions.self-e3b0c44298fc1c149afbf4c8996fb92427ae41e4649b934ca495991b7852b855.css?body=1" for 127.0.0.1 at 2016-06-01 15:21:27 +0100


Started GET "/assets/sessions.self-877aef30ae1b040ab8a3aba4e3e309a11d7f2612f44dde450b5c157aa5f95c05.js?body=1" for 127.0.0.1 at 2016-06-01 15:21:27 +0100


Started GET "/assets/turbolinks.self-c846e670826600e8c91b1a5ada3e6547110d996cd6ff24cde55024f7a135a1b4.js?body=1" for 127.0.0.1 at 2016-06-01 15:21:27 +0100


Started GET "/documents" for 127.0.0.1 at 2016-06-01 15:21:34 +0100
Processing by StaticPagesController#documents as HTML
  [1m[35mUser Load (0.2ms)[0m  SELECT  "users".* FROM "users" WHERE "users"."id" = ? LIMIT 1  [["id", 1]]
  Rendered static_pages/documents.html.erb within layouts/application (3.0ms)
  Rendered layouts/_shim.html.erb (0.4ms)
  Rendered layouts/_header.html.erb (1.7ms)
  Rendered layouts/_footer.html.erb (0.3ms)
Completed 200 OK in 61ms (Views: 60.2ms | ActiveRecord: 0.2ms)


Started GET "/users" for 127.0.0.1 at 2016-06-01 15:21:35 +0100
Processing by UsersController#index as HTML
  [1m[36mUser Load (0.3ms)[0m  [1mSELECT  "users".* FROM "users" WHERE "users"."id" = ? LIMIT 1[0m  [["id", 1]]
  [1m[35m (0.3ms)[0m  SELECT COUNT(*) FROM "users"
  [1m[36mUser Load (0.4ms)[0m  [1mSELECT  "users".* FROM "users" LIMIT 30 OFFSET 0[0m
  Rendered users/_user.html.erb (2.3ms)
  Rendered users/index.html.erb within layouts/application (10.7ms)
  Rendered layouts/_shim.html.erb (0.1ms)
  Rendered layouts/_header.html.erb (0.8ms)
  Rendered layouts/_footer.html.erb (0.0ms)
Completed 200 OK in 69ms (Views: 65.1ms | ActiveRecord: 0.9ms)


Started GET "/help" for 127.0.0.1 at 2016-06-01 15:21:36 +0100
Processing by StaticPagesController#help as HTML
  Rendered static_pages/help.html.erb within layouts/application (1.7ms)
  Rendered layouts/_shim.html.erb (0.1ms)
  [1m[35mUser Load (0.1ms)[0m  SELECT  "users".* FROM "users" WHERE "users"."id" = ? LIMIT 1  [["id", 1]]
  Rendered layouts/_header.html.erb (1.6ms)
  Rendered layouts/_footer.html.erb (0.1ms)
Completed 200 OK in 71ms (Views: 69.2ms | ActiveRecord: 0.1ms)


Started GET "/" for 127.0.0.1 at 2016-06-01 15:21:38 +0100
Processing by StaticPagesController#home as HTML
  Rendered static_pages/home.html.erb within layouts/application (0.7ms)
  Rendered layouts/_shim.html.erb (0.0ms)
  [1m[36mUser Load (0.1ms)[0m  [1mSELECT  "users".* FROM "users" WHERE "users"."id" = ? LIMIT 1[0m  [["id", 1]]
  Rendered layouts/_header.html.erb (0.8ms)
  Rendered layouts/_footer.html.erb (0.0ms)
Completed 200 OK in 28ms (Views: 27.7ms | ActiveRecord: 0.1ms)


Started GET "/help" for 127.0.0.1 at 2016-06-01 15:21:40 +0100
Processing by StaticPagesController#help as HTML
  Rendered static_pages/help.html.erb within layouts/application (0.1ms)
  Rendered layouts/_shim.html.erb (0.0ms)
  [1m[35mUser Load (0.1ms)[0m  SELECT  "users".* FROM "users" WHERE "users"."id" = ? LIMIT 1  [["id", 1]]
  Rendered layouts/_header.html.erb (1.0ms)
  Rendered layouts/_footer.html.erb (0.0ms)
Completed 200 OK in 44ms (Views: 42.7ms | ActiveRecord: 0.1ms)


Started GET "/users" for 127.0.0.1 at 2016-06-01 15:21:41 +0100
Processing by UsersController#index as HTML
  [1m[36mUser Load (0.2ms)[0m  [1mSELECT  "users".* FROM "users" WHERE "users"."id" = ? LIMIT 1[0m  [["id", 1]]
  [1m[35m (0.2ms)[0m  SELECT COUNT(*) FROM "users"
  [1m[36mUser Load (0.2ms)[0m  [1mSELECT  "users".* FROM "users" LIMIT 30 OFFSET 0[0m
  Rendered users/_user.html.erb (0.4ms)
  Rendered users/index.html.erb within layouts/application (4.3ms)
  Rendered layouts/_shim.html.erb (0.1ms)
  Rendered layouts/_header.html.erb (0.6ms)
  Rendered layouts/_footer.html.erb (0.0ms)
Completed 200 OK in 51ms (Views: 49.1ms | ActiveRecord: 0.6ms)


Started GET "/documents" for 127.0.0.1 at 2016-06-01 15:21:43 +0100
Processing by StaticPagesController#documents as HTML
  [1m[35mUser Load (0.2ms)[0m  SELECT  "users".* FROM "users" WHERE "users"."id" = ? LIMIT 1  [["id", 1]]
  Rendered static_pages/documents.html.erb within layouts/application (1.7ms)
  Rendered layouts/_shim.html.erb (0.1ms)
  Rendered layouts/_header.html.erb (0.7ms)
  Rendered layouts/_footer.html.erb (0.0ms)
Completed 200 OK in 53ms (Views: 51.4ms | ActiveRecord: 0.2ms)


Started GET "/new_file" for 127.0.0.1 at 2016-06-01 15:21:45 +0100
Processing by PhotosController#new as HTML
  Rendered shared/_error_messages.html.erb (0.6ms)
  Rendered photos/new.html.erb within layouts/application (313.6ms)
  Rendered layouts/_shim.html.erb (0.0ms)
  [1m[36mUser Load (0.1ms)[0m  [1mSELECT  "users".* FROM "users" WHERE "users"."id" = ? LIMIT 1[0m  [["id", 1]]
  Rendered layouts/_header.html.erb (1.2ms)
  Rendered layouts/_footer.html.erb (0.0ms)
Completed 200 OK in 373ms (Views: 349.2ms | ActiveRecord: 0.7ms)


Started GET "/files_index" for 127.0.0.1 at 2016-06-01 15:21:49 +0100
Processing by PhotosController#index as HTML
  [1m[35mUser Load (0.1ms)[0m  SELECT  "users".* FROM "users" WHERE "users"."id" = ? LIMIT 1  [["id", 1]]
  [1m[36mPhoto Load (0.2ms)[0m  [1mSELECT "photos".* FROM "photos"  ORDER BY created_at[0m
  Rendered collection (0.0ms)
  Rendered photos/index.html.erb within layouts/application (2.4ms)
  Rendered layouts/_shim.html.erb (0.1ms)
  Rendered layouts/_header.html.erb (0.8ms)
  Rendered layouts/_footer.html.erb (0.0ms)
Completed 200 OK in 56ms (Views: 55.2ms | ActiveRecord: 0.3ms)


Started GET "/documents" for 127.0.0.1 at 2016-06-01 15:21:54 +0100
Processing by StaticPagesController#documents as HTML
  [1m[35mUser Load (0.1ms)[0m  SELECT  "users".* FROM "users" WHERE "users"."id" = ? LIMIT 1  [["id", 1]]
  Rendered static_pages/documents.html.erb within layouts/application (1.0ms)
  Rendered layouts/_shim.html.erb (0.0ms)
  Rendered layouts/_header.html.erb (0.6ms)
  Rendered layouts/_footer.html.erb (0.0ms)
Completed 200 OK in 41ms (Views: 40.0ms | ActiveRecord: 0.1ms)


Started GET "/documents" for 127.0.0.1 at 2016-06-01 15:23:36 +0100
Processing by StaticPagesController#documents as HTML
  [1m[35mUser Load (0.2ms)[0m  SELECT  "users".* FROM "users" WHERE "users"."id" = ? LIMIT 1  [["id", 1]]
  Rendered static_pages/documents.html.erb within layouts/application (2.6ms)
  Rendered layouts/_shim.html.erb (0.1ms)
  Rendered layouts/_header.html.erb (0.7ms)
  Rendered layouts/_footer.html.erb (0.0ms)
Completed 200 OK in 52ms (Views: 50.9ms | ActiveRecord: 0.2ms)


Started GET "/assets/custom.self-e3b0c44298fc1c149afbf4c8996fb92427ae41e4649b934ca495991b7852b855.css?body=1" for 127.0.0.1 at 2016-06-01 15:23:37 +0100


Started GET "/assets/photos.self-e3b0c44298fc1c149afbf4c8996fb92427ae41e4649b934ca495991b7852b855.css?body=1" for 127.0.0.1 at 2016-06-01 15:23:37 +0100


Started GET "/assets/sessions.self-e3b0c44298fc1c149afbf4c8996fb92427ae41e4649b934ca495991b7852b855.css?body=1" for 127.0.0.1 at 2016-06-01 15:23:37 +0100


Started GET "/assets/static_pages.self-b60acab5af8d245ed2b3012f77d11d8d207d8eada27756badaf4ef05770d60f6.css?body=1" for 127.0.0.1 at 2016-06-01 15:23:37 +0100


Started GET "/assets/users.self-b60acab5af8d245ed2b3012f77d11d8d207d8eada27756badaf4ef05770d60f6.css?body=1" for 127.0.0.1 at 2016-06-01 15:23:37 +0100


Started GET "/assets/application.self-e80e8f2318043e8af94dddc2adad5a4f09739a8ebb323b3ab31cd71d45fd9113.css?body=1" for 127.0.0.1 at 2016-06-01 15:23:37 +0100


Started GET "/assets/jquery_ujs.self-8e98a7a072a6cee1372d19fff9ff3e6aa1e39a37d89d6f06861637d061113ee7.js?body=1" for 127.0.0.1 at 2016-06-01 15:23:37 +0100


Started GET "/assets/photos.self-877aef30ae1b040ab8a3aba4e3e309a11d7f2612f44dde450b5c157aa5f95c05.js?body=1" for 127.0.0.1 at 2016-06-01 15:23:37 +0100


Started GET "/assets/jquery.self-d03a5518f45df77341bdbe6201ba3bfa547ebba8ed64f0ea56bfa5f96ea7c074.js?body=1" for 127.0.0.1 at 2016-06-01 15:23:37 +0100


Started GET "/assets/turbolinks.self-c846e670826600e8c91b1a5ada3e6547110d996cd6ff24cde55024f7a135a1b4.js?body=1" for 127.0.0.1 at 2016-06-01 15:23:37 +0100


Started GET "/assets/bootstrap.self-cdea7efeac1597b89ddd6fd86b0e8e0bec5d5fb1fac9c6e8a045f2c59eef2d13.js?body=1" for 127.0.0.1 at 2016-06-01 15:23:37 +0100




Started GET "/assets/users.self-877aef30ae1b040ab8a3aba4e3e309a11d7f2612f44dde450b5c157aa5f95c05.js?body=1" for 127.0.0.1 at 2016-06-01 15:23:37 +0100
Started GET "/assets/sessions.self-877aef30ae1b040ab8a3aba4e3e309a11d7f2612f44dde450b5c157aa5f95c05.js?body=1" for 127.0.0.1 at 2016-06-01 15:23:37 +0100


Started GET "/assets/static_pages.self-877aef30ae1b040ab8a3aba4e3e309a11d7f2612f44dde450b5c157aa5f95c05.js?body=1" for 127.0.0.1 at 2016-06-01 15:23:37 +0100


Started GET "/assets/application.self-f8806224e027f3e3f0138ea9ce99319e298dfdb323304d1f1be6eae8e8c74724.js?body=1" for 127.0.0.1 at 2016-06-01 15:23:37 +0100


Started GET "/" for 127.0.0.1 at 2016-06-01 15:58:20 +0100
  [1m[36mActiveRecord::SchemaMigration Load (0.1ms)[0m  [1mSELECT "schema_migrations".* FROM "schema_migrations"[0m
Processing by StaticPagesController#home as HTML
  Rendered static_pages/home.html.erb within layouts/application (1.2ms)
  Rendered layouts/_shim.html.erb (0.3ms)
  Rendered layouts/_header.html.erb (4.2ms)
  Rendered layouts/_footer.html.erb (0.2ms)
Completed 200 OK in 229ms (Views: 220.9ms | ActiveRecord: 0.0ms)


Started GET "/assets/custom.self-e3b0c44298fc1c149afbf4c8996fb92427ae41e4649b934ca495991b7852b855.css?body=1" for 127.0.0.1 at 2016-06-01 15:58:21 +0100


Started GET "/assets/photos.self-e3b0c44298fc1c149afbf4c8996fb92427ae41e4649b934ca495991b7852b855.css?body=1" for 127.0.0.1 at 2016-06-01 15:58:21 +0100


Started GET "/assets/sessions.self-e3b0c44298fc1c149afbf4c8996fb92427ae41e4649b934ca495991b7852b855.css?body=1" for 127.0.0.1 at 2016-06-01 15:58:21 +0100


Started GET "/assets/static_pages.self-b60acab5af8d245ed2b3012f77d11d8d207d8eada27756badaf4ef05770d60f6.css?body=1" for 127.0.0.1 at 2016-06-01 15:58:21 +0100


Started GET "/assets/users.self-b60acab5af8d245ed2b3012f77d11d8d207d8eada27756badaf4ef05770d60f6.css?body=1" for 127.0.0.1 at 2016-06-01 15:58:21 +0100


Started GET "/assets/application.self-e80e8f2318043e8af94dddc2adad5a4f09739a8ebb323b3ab31cd71d45fd9113.css?body=1" for 127.0.0.1 at 2016-06-01 15:58:21 +0100


Started GET "/assets/jquery.self-d03a5518f45df77341bdbe6201ba3bfa547ebba8ed64f0ea56bfa5f96ea7c074.js?body=1" for 127.0.0.1 at 2016-06-01 15:58:21 +0100


Started GET "/assets/bootstrap.self-cdea7efeac1597b89ddd6fd86b0e8e0bec5d5fb1fac9c6e8a045f2c59eef2d13.js?body=1" for 127.0.0.1 at 2016-06-01 15:58:21 +0100


Started GET "/assets/turbolinks.self-c846e670826600e8c91b1a5ada3e6547110d996cd6ff24cde55024f7a135a1b4.js?body=1" for 127.0.0.1 at 2016-06-01 15:58:21 +0100


Started GET "/assets/sessions.self-877aef30ae1b040ab8a3aba4e3e309a11d7f2612f44dde450b5c157aa5f95c05.js?body=1" for 127.0.0.1 at 2016-06-01 15:58:21 +0100


Started GET "/assets/photos.self-877aef30ae1b040ab8a3aba4e3e309a11d7f2612f44dde450b5c157aa5f95c05.js?body=1" for 127.0.0.1 at 2016-06-01 15:58:21 +0100


Started GET "/assets/static_pages.self-877aef30ae1b040ab8a3aba4e3e309a11d7f2612f44dde450b5c157aa5f95c05.js?body=1" for 127.0.0.1 at 2016-06-01 15:58:21 +0100


Started GET "/assets/users.self-877aef30ae1b040ab8a3aba4e3e309a11d7f2612f44dde450b5c157aa5f95c05.js?body=1" for 127.0.0.1 at 2016-06-01 15:58:21 +0100


Started GET "/assets/jquery_ujs.self-8e98a7a072a6cee1372d19fff9ff3e6aa1e39a37d89d6f06861637d061113ee7.js?body=1" for 127.0.0.1 at 2016-06-01 15:58:21 +0100


Started GET "/assets/application.self-f8806224e027f3e3f0138ea9ce99319e298dfdb323304d1f1be6eae8e8c74724.js?body=1" for 127.0.0.1 at 2016-06-01 15:58:21 +0100
  [1m[36mActiveRecord::SchemaMigration Load (0.2ms)[0m  [1mSELECT "schema_migrations".* FROM "schema_migrations"[0m


Started GET "/" for 127.0.0.1 at 2016-06-01 16:01:29 +0100
Processing by StaticPagesController#home as HTML
  Rendered static_pages/home.html.erb within layouts/application (0.4ms)
  Rendered layouts/_shim.html.erb (0.1ms)
  Rendered layouts/_header.html.erb (0.4ms)
  Rendered layouts/_footer.html.erb (0.0ms)
Completed 200 OK in 78ms (Views: 77.1ms | ActiveRecord: 0.0ms)


Started GET "/assets/custom.self-e3b0c44298fc1c149afbf4c8996fb92427ae41e4649b934ca495991b7852b855.css?body=1" for 127.0.0.1 at 2016-06-01 16:01:29 +0100


Started GET "/assets/photos.self-e3b0c44298fc1c149afbf4c8996fb92427ae41e4649b934ca495991b7852b855.css?body=1" for 127.0.0.1 at 2016-06-01 16:01:29 +0100


Started GET "/assets/sessions.self-e3b0c44298fc1c149afbf4c8996fb92427ae41e4649b934ca495991b7852b855.css?body=1" for 127.0.0.1 at 2016-06-01 16:01:29 +0100



Started GET "/assets/static_pages.self-b60acab5af8d245ed2b3012f77d11d8d207d8eada27756badaf4ef05770d60f6.css?body=1" for 127.0.0.1 at 2016-06-01 16:01:29 +0100

Started GET "/assets/users.self-b60acab5af8d245ed2b3012f77d11d8d207d8eada27756badaf4ef05770d60f6.css?body=1" for 127.0.0.1 at 2016-06-01 16:01:29 +0100




Started GET "/assets/application.self-e80e8f2318043e8af94dddc2adad5a4f09739a8ebb323b3ab31cd71d45fd9113.css?body=1" for 127.0.0.1 at 2016-06-01 16:01:29 +0100
Started GET "/assets/jquery.self-d03a5518f45df77341bdbe6201ba3bfa547ebba8ed64f0ea56bfa5f96ea7c074.js?body=1" for 127.0.0.1 at 2016-06-01 16:01:29 +0100


Started GET "/assets/jquery_ujs.self-8e98a7a072a6cee1372d19fff9ff3e6aa1e39a37d89d6f06861637d061113ee7.js?body=1" for 127.0.0.1 at 2016-06-01 16:01:29 +0100


Started GET "/assets/bootstrap.self-cdea7efeac1597b89ddd6fd86b0e8e0bec5d5fb1fac9c6e8a045f2c59eef2d13.js?body=1" for 127.0.0.1 at 2016-06-01 16:01:29 +0100


Started GET "/assets/photos.self-877aef30ae1b040ab8a3aba4e3e309a11d7f2612f44dde450b5c157aa5f95c05.js?body=1" for 127.0.0.1 at 2016-06-01 16:01:29 +0100


Started GET "/assets/turbolinks.self-c846e670826600e8c91b1a5ada3e6547110d996cd6ff24cde55024f7a135a1b4.js?body=1" for 127.0.0.1 at 2016-06-01 16:01:29 +0100


Started GET "/assets/sessions.self-877aef30ae1b040ab8a3aba4e3e309a11d7f2612f44dde450b5c157aa5f95c05.js?body=1" for 127.0.0.1 at 2016-06-01 16:01:29 +0100


Started GET "/assets/users.self-877aef30ae1b040ab8a3aba4e3e309a11d7f2612f44dde450b5c157aa5f95c05.js?body=1" for 127.0.0.1 at 2016-06-01 16:01:29 +0100


Started GET "/assets/static_pages.self-877aef30ae1b040ab8a3aba4e3e309a11d7f2612f44dde450b5c157aa5f95c05.js?body=1" for 127.0.0.1 at 2016-06-01 16:01:29 +0100


Started GET "/assets/application.self-f8806224e027f3e3f0138ea9ce99319e298dfdb323304d1f1be6eae8e8c74724.js?body=1" for 127.0.0.1 at 2016-06-01 16:01:29 +0100


Started GET "/login" for 127.0.0.1 at 2016-06-01 16:01:31 +0100
Processing by SessionsController#new as HTML
  Rendered sessions/new.html.erb within layouts/application (341.5ms)
  Rendered layouts/_shim.html.erb (0.2ms)
  Rendered layouts/_header.html.erb (3.2ms)
  Rendered layouts/_footer.html.erb (0.2ms)
Completed 200 OK in 418ms (Views: 402.5ms | ActiveRecord: 0.0ms)


Started GET "/signup" for 127.0.0.1 at 2016-06-01 16:01:33 +0100
Processing by UsersController#new as HTML
  Rendered shared/_error_messages.html.erb (0.5ms)
  Rendered users/new.html.erb within layouts/application (10.1ms)
  Rendered layouts/_shim.html.erb (0.1ms)
  Rendered layouts/_header.html.erb (0.4ms)
  Rendered layouts/_footer.html.erb (0.0ms)
Completed 200 OK in 74ms (Views: 55.5ms | ActiveRecord: 0.7ms)


Started GET "/login" for 127.0.0.1 at 2016-06-01 16:01:38 +0100
Processing by SessionsController#new as HTML
  Rendered sessions/new.html.erb within layouts/application (2.6ms)
  Rendered layouts/_shim.html.erb (0.1ms)
  Rendered layouts/_header.html.erb (0.6ms)
  Rendered layouts/_footer.html.erb (0.1ms)
Completed 200 OK in 57ms (Views: 56.1ms | ActiveRecord: 0.0ms)


Started GET "/login" for 127.0.0.1 at 2016-06-01 16:02:48 +0100
Processing by SessionsController#new as HTML
  Rendered sessions/new.html.erb within layouts/application (4.0ms)
  Rendered layouts/_shim.html.erb (0.4ms)
  Rendered layouts/_header.html.erb (1.2ms)
  Rendered layouts/_footer.html.erb (0.4ms)
Completed 200 OK in 56ms (Views: 54.8ms | ActiveRecord: 0.0ms)


Started GET "/assets/custom.self-e3b0c44298fc1c149afbf4c8996fb92427ae41e4649b934ca495991b7852b855.css?body=1" for 127.0.0.1 at 2016-06-01 16:02:48 +0100


Started GET "/assets/static_pages.self-b60acab5af8d245ed2b3012f77d11d8d207d8eada27756badaf4ef05770d60f6.css?body=1" for 127.0.0.1 at 2016-06-01 16:02:48 +0100


Started GET "/assets/photos.self-e3b0c44298fc1c149afbf4c8996fb92427ae41e4649b934ca495991b7852b855.css?body=1" for 127.0.0.1 at 2016-06-01 16:02:48 +0100


Started GET "/assets/jquery.self-d03a5518f45df77341bdbe6201ba3bfa547ebba8ed64f0ea56bfa5f96ea7c074.js?body=1" for 127.0.0.1 at 2016-06-01 16:02:48 +0100


Started GET "/assets/sessions.self-e3b0c44298fc1c149afbf4c8996fb92427ae41e4649b934ca495991b7852b855.css?body=1" for 127.0.0.1 at 2016-06-01 16:02:48 +0100


Started GET "/assets/jquery_ujs.self-8e98a7a072a6cee1372d19fff9ff3e6aa1e39a37d89d6f06861637d061113ee7.js?body=1" for 127.0.0.1 at 2016-06-01 16:02:49 +0100


Started GET "/assets/application.self-e80e8f2318043e8af94dddc2adad5a4f09739a8ebb323b3ab31cd71d45fd9113.css?body=1" for 127.0.0.1 at 2016-06-01 16:02:49 +0100


Started GET "/assets/turbolinks.self-c846e670826600e8c91b1a5ada3e6547110d996cd6ff24cde55024f7a135a1b4.js?body=1" for 127.0.0.1 at 2016-06-01 16:02:49 +0100



Started GET "/assets/static_pages.self-877aef30ae1b040ab8a3aba4e3e309a11d7f2612f44dde450b5c157aa5f95c05.js?body=1" for 127.0.0.1 at 2016-06-01 16:02:49 +0100

Started GET "/assets/users.self-b60acab5af8d245ed2b3012f77d11d8d207d8eada27756badaf4ef05770d60f6.css?body=1" for 127.0.0.1 at 2016-06-01 16:02:49 +0100


Started GET "/assets/sessions.self-877aef30ae1b040ab8a3aba4e3e309a11d7f2612f44dde450b5c157aa5f95c05.js?body=1" for 127.0.0.1 at 2016-06-01 16:02:49 +0100


Started GET "/assets/bootstrap.self-cdea7efeac1597b89ddd6fd86b0e8e0bec5d5fb1fac9c6e8a045f2c59eef2d13.js?body=1" for 127.0.0.1 at 2016-06-01 16:02:49 +0100


Started GET "/assets/application.self-f8806224e027f3e3f0138ea9ce99319e298dfdb323304d1f1be6eae8e8c74724.js?body=1" for 127.0.0.1 at 2016-06-01 16:02:49 +0100


Started GET "/assets/photos.self-877aef30ae1b040ab8a3aba4e3e309a11d7f2612f44dde450b5c157aa5f95c05.js?body=1" for 127.0.0.1 at 2016-06-01 16:02:49 +0100


Started GET "/assets/users.self-877aef30ae1b040ab8a3aba4e3e309a11d7f2612f44dde450b5c157aa5f95c05.js?body=1" for 127.0.0.1 at 2016-06-01 16:02:49 +0100


Started GET "/" for 127.0.0.1 at 2016-06-01 16:02:52 +0100
Processing by StaticPagesController#home as HTML
  Rendered static_pages/home.html.erb within layouts/application (0.7ms)
  Rendered layouts/_shim.html.erb (0.4ms)
  Rendered layouts/_header.html.erb (1.1ms)
  Rendered layouts/_footer.html.erb (0.4ms)
Completed 200 OK in 48ms (Views: 47.8ms | ActiveRecord: 0.0ms)


Started GET "/signup" for 127.0.0.1 at 2016-06-01 16:02:53 +0100
Processing by UsersController#new as HTML
  Rendered shared/_error_messages.html.erb (0.5ms)
  Rendered users/new.html.erb within layouts/application (298.1ms)
  Rendered layouts/_shim.html.erb (0.0ms)
  Rendered layouts/_header.html.erb (0.2ms)
  Rendered layouts/_footer.html.erb (0.0ms)
Completed 200 OK in 344ms (Views: 324.0ms | ActiveRecord: 0.6ms)


Started GET "/login" for 127.0.0.1 at 2016-06-01 16:02:55 +0100
Processing by SessionsController#new as HTML
  Rendered sessions/new.html.erb within layouts/application (6.5ms)
  Rendered layouts/_shim.html.erb (0.1ms)
  Rendered layouts/_header.html.erb (0.4ms)
  Rendered layouts/_footer.html.erb (0.0ms)
Completed 200 OK in 56ms (Views: 54.6ms | ActiveRecord: 0.0ms)


Started GET "/signup" for 127.0.0.1 at 2016-06-01 16:02:58 +0100
Processing by UsersController#new as HTML
  Rendered shared/_error_messages.html.erb (0.1ms)
  Rendered users/new.html.erb within layouts/application (5.7ms)
  Rendered layouts/_shim.html.erb (0.1ms)
  Rendered layouts/_header.html.erb (0.4ms)
  Rendered layouts/_footer.html.erb (0.0ms)
Completed 200 OK in 56ms (Views: 55.4ms | ActiveRecord: 0.0ms)


Started GET "/login" for 127.0.0.1 at 2016-06-01 16:03:00 +0100
Processing by SessionsController#new as HTML
  Rendered sessions/new.html.erb within layouts/application (2.6ms)
  Rendered layouts/_shim.html.erb (0.1ms)
  Rendered layouts/_header.html.erb (0.4ms)
  Rendered layouts/_footer.html.erb (0.1ms)
Completed 200 OK in 62ms (Views: 60.9ms | ActiveRecord: 0.0ms)


Started GET "/" for 127.0.0.1 at 2016-06-01 16:03:01 +0100
Processing by StaticPagesController#home as HTML
  Rendered static_pages/home.html.erb within layouts/application (0.4ms)
  Rendered layouts/_shim.html.erb (0.1ms)
  Rendered layouts/_header.html.erb (0.4ms)
  Rendered layouts/_footer.html.erb (0.0ms)
Completed 200 OK in 59ms (Views: 57.5ms | ActiveRecord: 0.0ms)
